<?xml version="1.0" encoding="UTF-8"?>
<!-- Generated by org.testng.reporters.JUnitReportReporter -->
<testsuite skipped="0" hostname="DESKTOP-8BMKDBU" name="module9.TestCase.DDT" tests="9" failures="0" timestamp="12 Jul 2019 16:26:34 GMT" time="34.449" errors="0">
  <testcase name="FormFill" time="3.714" classname="module9.TestCase.DDT"/>
  <testcase name="FormFill" time="3.737" classname="module9.TestCase.DDT"/>
  <testcase name="FormFill" time="3.899" classname="module9.TestCase.DDT"/>
  <testcase name="FormFill" time="3.808" classname="module9.TestCase.DDT"/>
  <testcase name="FormFill" time="3.854" classname="module9.TestCase.DDT"/>
  <testcase name="FormFill" time="3.664" classname="module9.TestCase.DDT"/>
  <testcase name="FormFill" time="3.790" classname="module9.TestCase.DDT"/>
  <testcase name="FormFill" time="3.720" classname="module9.TestCase.DDT"/>
  <testcase name="FormFill" time="4.263" classname="module9.TestCase.DDT"/>
</testsuite> <!-- module9.TestCase.DDT -->
