<?xml version="1.0" encoding="UTF-8"?>
<!-- Generated by org.testng.reporters.JUnitReportReporter -->
<testsuite skipped="0" hostname="DESKTOP-8BMKDBU" name="module6.Prioritization" tests="5" failures="0" timestamp="08 Jul 2019 16:25:26 GMT" time="0.065" errors="0">
  <testcase name="Pune" time="0.041" classname="module6.Prioritization"/>
  <testcase name="Banglore" time="0.007" classname="module6.Prioritization"/>
  <testcase name="Hyderabad" time="0.006" classname="module6.Prioritization"/>
  <testcase name="Mumbai" time="0.004" classname="module6.Prioritization"/>
  <testcase name="Chennai" time="0.007" classname="module6.Prioritization"/>
</testsuite> <!-- module6.Prioritization -->
