<?xml version="1.0" encoding="UTF-8"?>
<!-- Generated by org.testng.reporters.JUnitReportReporter -->
<testsuite skipped="0" hostname="DESKTOP-8BMKDBU" name="module6.Scenario3" tests="3" failures="0" timestamp="09 Jul 2019 16:57:48 GMT" time="21.335" errors="0">
  <testcase name="openBrowser" time="9.400" classname="module6.Scenario3"/>
  <testcase name="login_TestCase" time="8.857" classname="module6.Scenario3"/>
  <testcase name="closeBrowser" time="3.078" classname="module6.Scenario3"/>
</testsuite> <!-- module6.Scenario3 -->
