<?xml version="1.0" encoding="UTF-8"?>
<!-- Generated by org.testng.reporters.JUnitReportReporter -->
<testsuite skipped="0" hostname="DESKTOP-8BMKDBU" name="module6.Dependency2" tests="5" failures="0" timestamp="08 Jul 2019 16:55:16 GMT" time="25.986" errors="0">
  <testcase name="OpenBrowser" time="9.100" classname="module6.Dependency2"/>
  <testcase name="OpenAUT" time="2.320" classname="module6.Dependency2"/>
  <testcase name="Logout" time="4.602" classname="module6.Dependency2"/>
  <testcase name="Login" time="9.340" classname="module6.Dependency2"/>
  <testcase name="CloseBrowser" time="0.624" classname="module6.Dependency2"/>
</testsuite> <!-- module6.Dependency2 -->
