<?xml version="1.0" encoding="UTF-8"?>
<!-- Generated by org.testng.reporters.JUnitReportReporter -->
<testsuite skipped="0" hostname="DESKTOP-8BMKDBU" name="module6.Annotations" tests="2" failures="0" timestamp="08 Jul 2019 17:12:11 GMT" time="0.027" errors="0">
  <testcase name="Test1" time="0.022" classname="module6.Annotations"/>
  <testcase name="Test2" time="0.005" classname="module6.Annotations"/>
</testsuite> <!-- module6.Annotations -->
