<?xml version="1.0" encoding="UTF-8"?>
<!-- Generated by org.testng.reporters.JUnitReportReporter -->
<testsuite skipped="0" hostname="DESKTOP-8BMKDBU" name="module6.Sequencing" tests="5" failures="0" timestamp="08 Jul 2019 16:17:06 GMT" time="0.055" errors="0">
  <testcase name="Mumbai" time="0.009" classname="module6.Sequencing"/>
  <testcase name="Chennai" time="0.008" classname="module6.Sequencing"/>
  <testcase name="Hyderabad" time="0.003" classname="module6.Sequencing"/>
  <testcase name="Banglore" time="0.032" classname="module6.Sequencing"/>
  <testcase name="Pune" time="0.003" classname="module6.Sequencing"/>
</testsuite> <!-- module6.Sequencing -->
