<?xml version="1.0" encoding="UTF-8"?>
<!-- Generated by org.testng.reporters.JUnitReportReporter -->
<testsuite skipped="0" hostname="DESKTOP-8BMKDBU" name="module7.GridExampleTest" tests="2" failures="0" timestamp="10 Jul 2019 15:51:53 GMT" time="290.755" errors="0">
  <testcase name="testNewToursLogin" time="150.755" classname="module7.GridExampleTest"/>
  <testcase name="testNewToursLogin" time="140.000" classname="module7.GridExampleTest"/>
</testsuite> <!-- module7.GridExampleTest -->
