<?xml version="1.0" encoding="UTF-8"?>
<!-- Generated by org.testng.reporters.JUnitReportReporter -->
<testsuite skipped="0" hostname="DESKTOP-8BMKDBU" name="module6.Grouping" tests="3" failures="0" timestamp="09 Jul 2019 15:37:13 GMT" time="0.044" errors="0">
  <testcase name="TC2" time="0.032" classname="module6.Grouping"/>
  <testcase name="TC3" time="0.008" classname="module6.Grouping"/>
  <testcase name="TC6" time="0.004" classname="module6.Grouping"/>
</testsuite> <!-- module6.Grouping -->
