<?xml version="1.0" encoding="UTF-8"?>
<!-- Generated by org.testng.reporters.JUnitReportReporter -->
<testsuite skipped="0" hostname="DESKTOP-8BMKDBU" name="module6.NewTest" tests="1" failures="0" timestamp="09 Jul 2019 16:57:48 GMT" time="14.821" errors="0">
  <testcase name="TestLogin" time="14.821" classname="module6.NewTest"/>
</testsuite> <!-- module6.NewTest -->
